<?xml version="1.0" encoding="UTF-8"?>
<!-- Generated by org.testng.reporters.JUnitXMLReporter -->
<testsuite hostname="Timothy" ignored="0" name="Test Frameworks Demos" tests="3" failures="0" timestamp="19 Jul 2017 13:21:37 GMT" time="0.055" errors="0">
  <testcase name="creditCarAppTest" time="0.008" classname="com.dealertrack.testframeworks.TestNGwithDataProvider"/>
  <testcase name="creditCarAppTest" time="0.002" classname="com.dealertrack.testframeworks.TestNGwithDataProvider"/>
  <testcase name="creditCarAppTest" time="0.002" classname="com.dealertrack.testframeworks.TestNGwithDataProvider"/>
</testsuite> <!-- Test Frameworks Demos -->
