<?xml version="1.0" encoding="UTF-8"?>
<testng-results skipped="0" failed="0" ignored="0" total="1" passed="1">
  <reporter-output>
  </reporter-output>
  <suite name="Default suite" duration-ms="214" started-at="2017-07-26T12:46:36Z" finished-at="2017-07-26T12:46:36Z">
    <groups>
    </groups>
    <test name="Default test" duration-ms="214" started-at="2017-07-26T12:46:36Z" finished-at="2017-07-26T12:46:36Z">
      <class name="com.dealertrack.tests.ReadExcelTest">
        <test-method status="PASS" signature="excelTest()[pri:0, instance:com.dealertrack.tests.ReadExcelTest@7921b0a2]" name="excelTest" duration-ms="194" started-at="2017-07-26T08:46:36Z" finished-at="2017-07-26T08:46:36Z">
          <reporter-output>
          </reporter-output>
        </test-method> <!-- excelTest -->
      </class> <!-- com.dealertrack.tests.ReadExcelTest -->
    </test> <!-- Default test -->
  </suite> <!-- Default suite -->
</testng-results>
